<?xml version="1.0" encoding="UTF-8"?>
<!-- Generated by org.testng.reporters.JUnitReportReporter -->
<testsuite hostname="VILAS" failures="0" tests="6" name="Login.Registration" time="132.873" errors="0" timestamp="2023-05-02T18:11:06 IST" skipped="0">
  <testcase classname="Login.Registration" name="RegistrationPositive" time="80.643"/>
  <system-out/>
  <testcase classname="Login.Registration" name="RegistrationDuplicateUser" time="13.331"/>
  <system-out/>
  <testcase classname="Login.Registration" name="RegistrationInvalidPassword" time="8.246"/>
  <system-out/>
  <testcase classname="Login.Registration" name="RegistrationInvalidPhoneNumber" time="16.927"/>
  <system-out/>
  <testcase classname="Login.Registration" name="RegistrationBlankData" time="7.556"/>
  <system-out/>
  <testcase classname="Login.Registration" name="RegistrationIncorrectEmailID" time="6.170"/>
  <system-out/>
</testsuite> <!-- Login.Registration -->
